<?xml version="1.0" encoding="UTF-8"?>
<!-- Generated by org.testng.reporters.JUnitReportReporter -->
<testsuite hostname="DESKTOP-564PDE9" failures="0" tests="1" name="BanistmoTestPKG.BanistmoTestPage" time="20.254" errors="0" timestamp="20 Jul 2021 07:40:16 GMT">
  <testcase classname="BanistmoTestPKG.BanistmoTestPage" name="BanistmoPage" time="20.254"/>
</testsuite> <!-- BanistmoTestPKG.BanistmoTestPage -->
