<?xml version="1.0" encoding="UTF-8"?>
<!-- Generated by org.testng.reporters.JUnitReportReporter -->
<testsuite hostname="DESKTOP-564PDE9" failures="0" tests="1" name="BanistmoTestPKG.BanistmoTestPage2" time="26.206" errors="0" timestamp="20 Jul 2021 07:39:03 GMT">
  <testcase classname="BanistmoTestPKG.BanistmoTestPage2" name="BanistmoPage" time="26.206"/>
</testsuite> <!-- BanistmoTestPKG.BanistmoTestPage2 -->
